# JRE version: Java(TM) SE Runtime Environment (8.0_171-b11) (build 1.8.0_171-b11)
# Java VM: Java HotSpot(TM) 64-Bit Server VM (25.171-b11 mixed mode windows-amd64 compressed oops)
Heap:
 PSYoungGen      total 37888K, used 26925K [0x00000000d6500000, 0x00000000daf00000, 0x0000000100000000)
  eden space 32768K, 67% used [0x00000000d6500000,0x00000000d7a735a8,0x00000000d8500000)
  from space 5120K, 96% used [0x00000000d8a00000,0x00000000d8ed81a0,0x00000000d8f00000)
  to   space 5120K, 0% used [0x00000000d8500000,0x00000000d8500000,0x00000000d8a00000)
 ParOldGen       total 86016K, used 24K [0x0000000082e00000, 0x0000000088200000, 0x00000000d6500000)
  object space 86016K, 0% used [0x0000000082e00000,0x0000000082e06000,0x0000000088200000)
 Metaspace       used 12764K, capacity 13772K, committed 13952K, reserved 1060864K
  class space    used 1626K, capacity 1832K, committed 1920K, reserved 1048576K
GC Heap History (4 events):
Event: 1.311 GC heap before
{Heap before GC invocations=1 (full 0):
 PSYoungGen      total 37888K, used 32768K [0x00000000d6500000, 0x00000000d8f00000, 0x0000000100000000)
  eden space 32768K, 100% used [0x00000000d6500000,0x00000000d8500000,0x00000000d8500000)
  from space 5120K, 0% used [0x00000000d8a00000,0x00000000d8a00000,0x00000000d8f00000)
  to   space 5120K, 0% used [0x00000000d8500000,0x00000000d8500000,0x00000000d8a00000)
 ParOldGen       total 86016K, used 0K [0x0000000082e00000, 0x0000000088200000, 0x00000000d6500000)
  object space 86016K, 0% used [0x0000000082e00000,0x0000000082e00000,0x0000000088200000)
 Metaspace       used 8068K, capacity 8742K, committed 8832K, reserved 1056768K
  class space    used 1008K, capacity 1152K, committed 1152K, reserved 1048576K
Event: 1.314 GC heap after
Heap after GC invocations=1 (full 0):
 PSYoungGen      total 37888K, used 4069K [0x00000000d6500000, 0x00000000d8f00000, 0x0000000100000000)
  eden space 32768K, 0% used [0x00000000d6500000,0x00000000d6500000,0x00000000d8500000)
  from space 5120K, 79% used [0x00000000d8500000,0x00000000d88f9770,0x00000000d8a00000)
  to   space 5120K, 0% used [0x00000000d8a00000,0x00000000d8a00000,0x00000000d8f00000)
 ParOldGen       total 86016K, used 16K [0x0000000082e00000, 0x0000000088200000, 0x00000000d6500000)
  object space 86016K, 0% used [0x0000000082e00000,0x0000000082e04000,0x0000000088200000)
 Metaspace       used 8068K, capacity 8742K, committed 8832K, reserved 1056768K
  class space    used 1008K, capacity 1152K, committed 1152K, reserved 1048576K
}
Event: 1.559 GC heap before
{Heap before GC invocations=2 (full 0):
 PSYoungGen      total 37888K, used 36837K [0x00000000d6500000, 0x00000000d8f00000, 0x0000000100000000)
  eden space 32768K, 100% used [0x00000000d6500000,0x00000000d8500000,0x00000000d8500000)
  from space 5120K, 79% used [0x00000000d8500000,0x00000000d88f9770,0x00000000d8a00000)
  to   space 5120K, 0% used [0x00000000d8a00000,0x00000000d8a00000,0x00000000d8f00000)
 ParOldGen       total 86016K, used 16K [0x0000000082e00000, 0x0000000088200000, 0x00000000d6500000)
  object space 86016K, 0% used [0x0000000082e00000,0x0000000082e04000,0x0000000088200000)
 Metaspace       used 10993K, capacity 11900K, committed 12160K, reserved 1060864K
  class space    used 1394K, capacity 1608K, committed 1664K, reserved 1048576K
Event: 1.564 GC heap after
Heap after GC invocations=2 (full 0):
 PSYoungGen      total 37888K, used 4960K [0x00000000d6500000, 0x00000000daf00000, 0x0000000100000000)
  eden space 32768K, 0% used [0x00000000d6500000,0x00000000d6500000,0x00000000d8500000)
  from space 5120K, 96% used [0x00000000d8a00000,0x00000000d8ed81a0,0x00000000d8f00000)
  to   space 5120K, 0% used [0x00000000d8500000,0x00000000d8500000,0x00000000d8a00000)
 ParOldGen       total 86016K, used 24K [0x0000000082e00000, 0x0000000088200000, 0x00000000d6500000)
  object space 86016K, 0% used [0x0000000082e00000,0x0000000082e06000,0x0000000088200000)
 Metaspace       used 10993K, capacity 11900K, committed 12160K, reserved 1060864K
  class space    used 1394K, capacity 1608K, committed 1664K, reserved 1048576K
}

